<?xml version="1.0" encoding="UTF-8"?>
<!-- Generated by org.testng.reporters.JUnitReportReporter -->
<testsuite hostname="user" failures="0" tests="1" name="Manivasagam.titlevalidation" time="0.054" errors="0" timestamp="2020-12-18T19:54:16 IST" skipped="0">
  <testcase classname="Manivasagam.titlevalidation" name="basenavigation" time="0.054"/>
  <system-out/>
</testsuite> <!-- Manivasagam.titlevalidation -->
