<?xml version="1.0" encoding="UTF-8"?>
<!-- Generated by org.testng.reporters.JUnitReportReporter -->
<testsuite hostname="user" failures="0" tests="2" name="Manivasagam.homepage" time="12.702" errors="0" timestamp="2020-12-17T19:38:59 IST" skipped="0">
  <testcase classname="Manivasagam.homepage" name="basenavigation" time="4.269"/>
  <system-out/>
  <testcase classname="Manivasagam.homepage" name="basenavigation" time="8.433"/>
  <system-out/>
</testsuite> <!-- Manivasagam.homepage -->
