<?xml version="1.0" encoding="UTF-8"?>
<!-- Generated by org.testng.reporters.JUnitReportReporter -->
<testsuite hostname="user" failures="0" tests="2" name="CucumberOptions.TestRunner" time="17.158" errors="0" timestamp="2021-01-08T17:38:53 IST" skipped="0">
  <testcase classname="CucumberOptions.TestRunner" name="runScenario" time="10.772"/>
  <system-out/>
  <testcase classname="CucumberOptions.TestRunner" name="runScenario" time="6.386"/>
  <system-out/>
</testsuite> <!-- CucumberOptions.TestRunner -->
